Arguments: 
  C:\Program Files\nodejs\node.exe C:\Program Files (x86)\Yarn\bin\yarn.js

PATH: 
  C:\Python310\Scripts\;C:\Python310\;C:\Program Files\Java\jdk-17.0.1\bin;C:\Program Files\Common Files\Oracle\Java\javapath;C:\Program Files (x86)\Common Files\Oracle\Java\javapath;C:\Python39\Scripts\;C:\Python39\;C:\Program Files\NVIDIA GPU Computing Toolkit\CUDA\v10.1\bin;C:\Program Files\NVIDIA GPU Computing Toolkit\CUDA\v10.1\libnvvp;C:\Program Files\ImageMagick-7.0.10-Q16;C:\Program Files\Microsoft MPI\Bin\;C:\Windows\system32;C:\Windows;C:\Windows\System32\Wbem;C:\Windows\System32\WindowsPowerShell\v1.0\;C:\Windows\System32\OpenSSH\;C:\Program Files (x86)\NVIDIA Corporation\PhysX\Common;C:\Program Files\Microsoft SQL Server\130\Tools\Binn\;C:\Program Files\Microsoft SQL Server\Client SDK\ODBC\170\Tools\Binn\;C:\Program Files\PuTTY\;C:\wamp64\bin\php\php-7.4.9;C:\ProgramData\ComposerSetup\bin;C:\Program Files\apache maven\bin;C:\Program Files\NVIDIA Corporation\NVIDIA NvDLISR;C:\Program Files\TortoiseSVN\bin;C:\WINDOWS\system32;C:\WINDOWS;C:\WINDOWS\System32\Wbem;C:\WINDOWS\System32\WindowsPowerShell\v1.0\;C:\WINDOWS\System32\OpenSSH\;C:\Program Files\MiKTeX\miktex\bin\x64\;C:\Program Files\NVIDIA Corporation\Nsight Compute 2019.1\;C:\Users\micdu\AppData\Local\Programs\Python\Python38\;C:\Program Files\Git\cmd;C:\Program Files\Git\mingw64\libexec\git-core;C:\Program Files\R\R-4.0.3\bin;C:\Program Files\Kubernetes\Minikube;C:\Program Files\DigitalOcean\;C:\Program Files\Helm;C:\ProgramData\chocolatey\bin;C:\Program Files\dotnet\;C:\Program Files (x86)\Microsoft Visual Studio\2019\Enterprise\Common7\IDE\CommonExtensions\Microsoft\CMake\CMake\bin;C:\Program Files\Docker\Docker\resources\bin;C:\ProgramData\DockerDesktop\version-bin;C:\Program Files\nodejs\;C:\Program Files (x86)\Yarn\bin\;C:\Gradle\gradle-7.4.2\bin;C:\Users\micdu\.windows-build-tools\python27\;C:\Users\micdu\AppData\Local\Microsoft\WindowsApps;C:\Program Files\JetBrains\IntelliJ IDEA 2019.3\bin;C:\Users\micdu\AppData\Roaming\Composer\vendor\bin;C:\Users\micdu\.dotnet\tools;C:\Program Files\IPFS Desktop\resources\app.asar.unpacked\src\ipfs-on-path\scripts\bin-win;C:\Users\micdu\AppData\Local\GitHubDesktop\bin;C:\Users\micdu\.dotnet\tools;C:\Users\micdu\AppData\Local\Programs\Microsoft VS Code\bin;C:\Users\micdu\AppData\Roaming\npm;C:\Users\micdu\AppData\Local\Yarn\bin;C:\Users\micdu\Code\defi\TypeChain\node_modules\.bin

Yarn version: 
  1.22.18

Node version: 
  16.13.2

Platform: 
  win32 x64

Trace: 
  Error: ENOENT: no such file or directory, copyfile 'C:\Users\micdu\AppData\Local\Yarn\Cache\v6\npm-ansi-styles-3.2.1-41fbb20243e50b12be0f04b8dedbf07520ce841d-integrity\node_modules\ansi-styles\license' -> 'C:\Users\micdu\Code\defi\TypeChain\node_modules\@changesets\cli\node_modules\ansi-styles\license'

npm manifest: 
  {
    "name": "monorepo-base",
    "private": true,
    "license": "MIT",
    "engines": {
      "pnpm": ">=6.14.0"
    },
    "scripts": {
      "postinstall": "pnpm build",
      "format": "prettier --check \"./**/*.ts\" README.md",
      "format:fix": "prettier --write \"./**/*.ts\" README.md",
      "lint": "pnpm run --parallel --aggregate-output --reporter append-only --filter ./packages lint",
      "lint:fix": "pnpm --parallel --aggregate-output --reporter append-only --filter ./packages lint:fix",
      "typecheck": "pnpm --parallel --aggregate-output --reporter append-only --filter ./packages typecheck",
      "build": "tsc --build --verbose ./tsconfig.prod.json && pnpm run --parallel --filter ./packages post-build",
      "watch": "tsc --build --verbose --watch ./tsconfig.prod.json",
      "clean": "pnpm --filter ./packages clean",
      "compile-contracts": "ts-node --transpile-only ./scripts/compile-contracts && pnpm run --parallel --filter ./packages compile-contracts",
      "test": "pnpm compile-contracts && pnpm run --parallel --aggregate-output --reporter append-only --filter ./packages test",
      "test:fix": "pnpm lint:fix && pnpm test && pnpm format:fix && pnpm typecheck",
      "no-git-changes": "./scripts/no-git-changes.sh",
      "check-examples": "ts-node --transpile-only ./scripts/check-examples.ts",
      "prerelease": "pnpm lint && pnpm format && pnpm test && pnpm typecheck",
      "release": "pnpm build && pnpm changeset publish"
    },
    "devDependencies": {
      "@changesets/cli": "^2.11.2",
      "@types/mocha": "^8.2.1",
      "@typescript-eslint/eslint-plugin": "4.15.1",
      "@typescript-eslint/parser": "4.15.1",
      "earljs": "0.2.2",
      "eslint": "^7.29.0",
      "eslint-config-typestrict": "^1.0.2",
      "eslint-plugin-import": "^2.23.4",
      "eslint-plugin-no-only-tests": "^2.6.0",
      "eslint-plugin-simple-import-sort": "^7.0.0",
      "eslint-plugin-sonarjs": "^0.8.0-125",
      "eslint-plugin-unused-imports": "^1.1.1",
      "mocha": "^8.2.0",
      "prettier": "^2.3.1",
      "ts-node": "^10.7.0",
      "@types/node": "^14",
      "typescript": "^4.6"
    }
  }

yarn manifest: 
  No manifest

Lockfile: 
  No lockfile
